Copyright 1986-2022 Xilinx, Inc. All Rights Reserved. Copyright 2022-2025 Advanced Micro Devices, Inc. All Rights Reserved.
---------------------------------------------------------------------------------------------------------------------------------------------
| Tool Version : Vivado v.2025.1 (lin64) Build 6140274 Wed May 21 22:58:25 MDT 2025
| Date         : Fri Jul 11 10:41:54 2025
| Host         : ariane-550XDA running 64-bit Ubuntu 24.04.2 LTS
| Command      : upgrade_ip
| Device       : xc7z010clg400-1
---------------------------------------------------------------------------------------------------------------------------------------------

Upgrade Log for IP 'design_1_blk_mem_gen_0_2'

1. Summary
----------

SUCCESS in the upgrade of design_1_blk_mem_gen_0_2 (xilinx.com:ip:blk_mem_gen:8.4) from (Rev. 9) to (Rev. 11)






Copyright 1986-2022 Xilinx, Inc. All Rights Reserved. Copyright 2022-2025 Advanced Micro Devices, Inc. All Rights Reserved.
---------------------------------------------------------------------------------------------------------------------------------------------
| Tool Version : Vivado v.2025.1 (lin64) Build 6140274 Wed May 21 22:58:25 MDT 2025
| Date         : Fri Jul 11 10:41:54 2025
| Host         : ariane-550XDA running 64-bit Ubuntu 24.04.2 LTS
| Command      : upgrade_ip
| Device       : xc7z010clg400-1
---------------------------------------------------------------------------------------------------------------------------------------------

Upgrade Log for IP 'design_1_blk_mem_gen_0_1'

1. Summary
----------

SUCCESS in the upgrade of design_1_blk_mem_gen_0_1 (xilinx.com:ip:blk_mem_gen:8.4) from (Rev. 9) to (Rev. 11)

