
*** Running vivado
    with args -log mux2x1.vds -m64 -product Vivado -mode batch -messageDb vivado.pb -notrace -source mux2x1.tcl


****** Vivado v2024.2 (64-bit)
  **** SW Build 5239630 on Fri Nov 08 22:34:34 MST 2024
  **** IP Build 5239520 on Sun Nov 10 16:12:51 MST 2024
  **** SharedData Build 5239561 on Fri Nov 08 14:39:27 MST 2024
  **** Start of session at: Wed May  7 17:15:07 2025
    ** Copyright 1986-2022 Xilinx, Inc. All Rights Reserved.
    ** Copyright 2022-2024 Advanced Micro Devices, Inc. All Rights Reserved.

source mux2x1.tcl -notrace
Command: read_checkpoint -auto_incremental -incremental /home/ariane/Documentos/sistemas_digitais/praticas/project_2/project_2.srcs/utils_1/imports/synth_1/aula2.dcp
INFO: [Vivado 12-5825] Read reference checkpoint from /home/ariane/Documentos/sistemas_digitais/praticas/project_2/project_2.srcs/utils_1/imports/synth_1/aula2.dcp for incremental synthesis
INFO: [Vivado 12-7989] Please ensure there are no constraint changes
Command: synth_design -top mux2x1 -part xc7z010clg400-1
Starting synth_design
Attempting to get a license for feature 'Synthesis' and/or device 'xc7z010'
INFO: [Common 17-349] Got license for feature 'Synthesis' and/or device 'xc7z010'
INFO: [Device 21-403] Loading part xc7z010clg400-1
INFO: [Designutils 20-5440] No compile time benefit to using incremental synthesis; A full resynthesis will be run
INFO: [Designutils 20-4379] Flow is switching to default flow due to incremental criteria not met. If you would like to alter this behaviour and have the flow terminate instead, please set the following parameter config_implementation {autoIncr.Synth.RejectBehavior Terminate}
INFO: [Synth 8-7079] Multithreading enabled for synth_design using a maximum of 7 processes.
INFO: [Synth 8-7078] Launching helper process for spawning children vivado processes
INFO: [Synth 8-7075] Helper process launched with PID 14871
---------------------------------------------------------------------------------
Starting RTL Elaboration : Time (s): cpu = 00:00:03 ; elapsed = 00:00:05 . Memory (MB): peak = 1913.566 ; gain = 428.832 ; free physical = 243 ; free virtual = 6006
---------------------------------------------------------------------------------
INFO: [Synth 8-638] synthesizing module 'mux2x1' [/home/ariane/Documentos/sistemas_digitais/praticas/project_2/project_2.srcs/sources_1/new/mux2x1.vhd:41]
INFO: [Synth 8-256] done synthesizing module 'mux2x1' (0#1) [/home/ariane/Documentos/sistemas_digitais/praticas/project_2/project_2.srcs/sources_1/new/mux2x1.vhd:41]
WARNING: [Synth 8-3330] design mux2x1 has an empty top module
WARNING: [Synth 8-7129] Port i1[1] in module mux2x1 is either unconnected or has no load
WARNING: [Synth 8-7129] Port i1[0] in module mux2x1 is either unconnected or has no load
WARNING: [Synth 8-7129] Port sel in module mux2x1 is either unconnected or has no load
---------------------------------------------------------------------------------
Finished RTL Elaboration : Time (s): cpu = 00:00:04 ; elapsed = 00:00:06 . Memory (MB): peak = 1985.504 ; gain = 500.770 ; free physical = 146 ; free virtual = 5911
---------------------------------------------------------------------------------
---------------------------------------------------------------------------------
Start Handling Custom Attributes
---------------------------------------------------------------------------------
---------------------------------------------------------------------------------
Finished Handling Custom Attributes : Time (s): cpu = 00:00:04 ; elapsed = 00:00:06 . Memory (MB): peak = 2003.316 ; gain = 518.582 ; free physical = 146 ; free virtual = 5911
---------------------------------------------------------------------------------
---------------------------------------------------------------------------------
Finished RTL Optimization Phase 1 : Time (s): cpu = 00:00:04 ; elapsed = 00:00:06 . Memory (MB): peak = 2003.316 ; gain = 518.582 ; free physical = 146 ; free virtual = 5911
---------------------------------------------------------------------------------
Netlist sorting complete. Time (s): cpu = 00:00:00 ; elapsed = 00:00:00 . Memory (MB): peak = 2003.316 ; gain = 0.000 ; free physical = 146 ; free virtual = 5911
INFO: [Project 1-570] Preparing netlist for logic optimization

Processing XDC Constraints
Initializing timing engine
Parsing XDC File [/home/ariane/Downloads/Zybo-20250416/ZYBO_Master.xdc]
WARNING: [Vivado 12-584] No ports matched 'sw[0]'. [/home/ariane/Downloads/Zybo-20250416/ZYBO_Master.xdc:14]
CRITICAL WARNING: [Common 17-55] 'set_property' expects at least one object. [/home/ariane/Downloads/Zybo-20250416/ZYBO_Master.xdc:14]
Resolution: If [get_<value>] was used to populate the object, check to make sure this command returns at least one valid object.
WARNING: [Vivado 12-584] No ports matched 'sw[1]'. [/home/ariane/Downloads/Zybo-20250416/ZYBO_Master.xdc:15]
CRITICAL WARNING: [Common 17-55] 'set_property' expects at least one object. [/home/ariane/Downloads/Zybo-20250416/ZYBO_Master.xdc:15]
Resolution: If [get_<value>] was used to populate the object, check to make sure this command returns at least one valid object.
WARNING: [Vivado 12-584] No ports matched 'sw[2]'. [/home/ariane/Downloads/Zybo-20250416/ZYBO_Master.xdc:16]
CRITICAL WARNING: [Common 17-55] 'set_property' expects at least one object. [/home/ariane/Downloads/Zybo-20250416/ZYBO_Master.xdc:16]
Resolution: If [get_<value>] was used to populate the object, check to make sure this command returns at least one valid object.
WARNING: [Vivado 12-584] No ports matched 'sw[3]'. [/home/ariane/Downloads/Zybo-20250416/ZYBO_Master.xdc:17]
CRITICAL WARNING: [Common 17-55] 'set_property' expects at least one object. [/home/ariane/Downloads/Zybo-20250416/ZYBO_Master.xdc:17]
Resolution: If [get_<value>] was used to populate the object, check to make sure this command returns at least one valid object.
Finished Parsing XDC File [/home/ariane/Downloads/Zybo-20250416/ZYBO_Master.xdc]
INFO: [Project 1-236] Implementation specific constraints were found while reading constraint file [/home/ariane/Downloads/Zybo-20250416/ZYBO_Master.xdc]. These constraints will be ignored for synthesis but will be used in implementation. Impacted constraints are listed in the file [.Xil/mux2x1_propImpl.xdc].
Resolution: To avoid this warning, move constraints listed in [.Xil/mux2x1_propImpl.xdc] to another XDC file and exclude this new file from synthesis with the used_in_synthesis property (File Properties dialog in GUI) and re-run elaboration/synthesis.
Completed Processing XDC Constraints

Netlist sorting complete. Time (s): cpu = 00:00:00 ; elapsed = 00:00:00 . Memory (MB): peak = 2076.254 ; gain = 0.000 ; free physical = 141 ; free virtual = 5906
INFO: [Project 1-111] Unisim Transformation Summary:
No Unisim elements were transformed.

Constraint Validation Runtime : Time (s): cpu = 00:00:00 ; elapsed = 00:00:00 . Memory (MB): peak = 2076.254 ; gain = 0.000 ; free physical = 141 ; free virtual = 5906
INFO: [Designutils 20-5440] No compile time benefit to using incremental synthesis; A full resynthesis will be run
INFO: [Designutils 20-4379] Flow is switching to default flow due to incremental criteria not met. If you would like to alter this behaviour and have the flow terminate instead, please set the following parameter config_implementation {autoIncr.Synth.RejectBehavior Terminate}
---------------------------------------------------------------------------------
Finished Constraint Validation : Time (s): cpu = 00:00:08 ; elapsed = 00:00:11 . Memory (MB): peak = 2076.254 ; gain = 591.520 ; free physical = 140 ; free virtual = 5906
---------------------------------------------------------------------------------
---------------------------------------------------------------------------------
Start Loading Part and Timing Information
---------------------------------------------------------------------------------
Loading part: xc7z010clg400-1
---------------------------------------------------------------------------------
Finished Loading Part and Timing Information : Time (s): cpu = 00:00:08 ; elapsed = 00:00:11 . Memory (MB): peak = 2084.258 ; gain = 599.523 ; free physical = 140 ; free virtual = 5906
---------------------------------------------------------------------------------
---------------------------------------------------------------------------------
Start Applying 'set_property' XDC Constraints
---------------------------------------------------------------------------------
---------------------------------------------------------------------------------
Finished applying 'set_property' XDC Constraints : Time (s): cpu = 00:00:08 ; elapsed = 00:00:11 . Memory (MB): peak = 2084.258 ; gain = 599.523 ; free physical = 140 ; free virtual = 5906
---------------------------------------------------------------------------------
---------------------------------------------------------------------------------
Finished RTL Optimization Phase 2 : Time (s): cpu = 00:00:08 ; elapsed = 00:00:11 . Memory (MB): peak = 2084.258 ; gain = 599.523 ; free physical = 139 ; free virtual = 5906
---------------------------------------------------------------------------------
---------------------------------------------------------------------------------
Start RTL Component Statistics 
---------------------------------------------------------------------------------
Detailed RTL Component Info : 
---------------------------------------------------------------------------------
Finished RTL Component Statistics 
---------------------------------------------------------------------------------
---------------------------------------------------------------------------------
Start Part Resource Summary
---------------------------------------------------------------------------------
Part Resources:
DSPs: 80 (col length:40)
BRAMs: 120 (col length: RAMB18 40 RAMB36 20)
---------------------------------------------------------------------------------
Finished Part Resource Summary
---------------------------------------------------------------------------------
---------------------------------------------------------------------------------
Start Cross Boundary and Area Optimization
---------------------------------------------------------------------------------
WARNING: [Synth 8-7080] Parallel synthesis criteria is not met
WARNING: [Synth 8-3330] design mux2x1 has an empty top module
WARNING: [Synth 8-7129] Port i1[1] in module mux2x1 is either unconnected or has no load
WARNING: [Synth 8-7129] Port i1[0] in module mux2x1 is either unconnected or has no load
WARNING: [Synth 8-7129] Port sel in module mux2x1 is either unconnected or has no load
---------------------------------------------------------------------------------
Finished Cross Boundary and Area Optimization : Time (s): cpu = 00:00:09 ; elapsed = 00:00:12 . Memory (MB): peak = 2084.258 ; gain = 599.523 ; free physical = 136 ; free virtual = 5907
---------------------------------------------------------------------------------
---------------------------------------------------------------------------------
Start Applying XDC Timing Constraints
---------------------------------------------------------------------------------
---------------------------------------------------------------------------------
Finished Applying XDC Timing Constraints : Time (s): cpu = 00:00:13 ; elapsed = 00:00:15 . Memory (MB): peak = 2158.258 ; gain = 673.523 ; free physical = 144 ; free virtual = 5813
---------------------------------------------------------------------------------
---------------------------------------------------------------------------------
Start Timing Optimization
---------------------------------------------------------------------------------
---------------------------------------------------------------------------------
Finished Timing Optimization : Time (s): cpu = 00:00:13 ; elapsed = 00:00:15 . Memory (MB): peak = 2158.258 ; gain = 673.523 ; free physical = 149 ; free virtual = 5817
---------------------------------------------------------------------------------
---------------------------------------------------------------------------------
Start Technology Mapping
---------------------------------------------------------------------------------
---------------------------------------------------------------------------------
Finished Technology Mapping : Time (s): cpu = 00:00:13 ; elapsed = 00:00:15 . Memory (MB): peak = 2167.273 ; gain = 682.539 ; free physical = 144 ; free virtual = 5810
---------------------------------------------------------------------------------
---------------------------------------------------------------------------------
Start IO Insertion
---------------------------------------------------------------------------------
---------------------------------------------------------------------------------
Start Flattening Before IO Insertion
---------------------------------------------------------------------------------
---------------------------------------------------------------------------------
Finished Flattening Before IO Insertion
---------------------------------------------------------------------------------
---------------------------------------------------------------------------------
Start Final Netlist Cleanup
---------------------------------------------------------------------------------
---------------------------------------------------------------------------------
Finished Final Netlist Cleanup
---------------------------------------------------------------------------------
---------------------------------------------------------------------------------
Finished IO Insertion : Time (s): cpu = 00:00:15 ; elapsed = 00:00:18 . Memory (MB): peak = 2337.086 ; gain = 852.352 ; free physical = 87 ; free virtual = 5678
---------------------------------------------------------------------------------
---------------------------------------------------------------------------------
Start Renaming Generated Instances
---------------------------------------------------------------------------------
---------------------------------------------------------------------------------
Finished Renaming Generated Instances : Time (s): cpu = 00:00:15 ; elapsed = 00:00:18 . Memory (MB): peak = 2337.086 ; gain = 852.352 ; free physical = 87 ; free virtual = 5678
---------------------------------------------------------------------------------
---------------------------------------------------------------------------------
Start Rebuilding User Hierarchy
---------------------------------------------------------------------------------
---------------------------------------------------------------------------------
Finished Rebuilding User Hierarchy : Time (s): cpu = 00:00:15 ; elapsed = 00:00:18 . Memory (MB): peak = 2337.086 ; gain = 852.352 ; free physical = 87 ; free virtual = 5678
---------------------------------------------------------------------------------
---------------------------------------------------------------------------------
Start Renaming Generated Ports
---------------------------------------------------------------------------------
---------------------------------------------------------------------------------
Finished Renaming Generated Ports : Time (s): cpu = 00:00:15 ; elapsed = 00:00:18 . Memory (MB): peak = 2337.086 ; gain = 852.352 ; free physical = 87 ; free virtual = 5678
---------------------------------------------------------------------------------
---------------------------------------------------------------------------------
Start Handling Custom Attributes
---------------------------------------------------------------------------------
---------------------------------------------------------------------------------
Finished Handling Custom Attributes : Time (s): cpu = 00:00:15 ; elapsed = 00:00:18 . Memory (MB): peak = 2337.086 ; gain = 852.352 ; free physical = 87 ; free virtual = 5678
---------------------------------------------------------------------------------
---------------------------------------------------------------------------------
Start Renaming Generated Nets
---------------------------------------------------------------------------------
---------------------------------------------------------------------------------
Finished Renaming Generated Nets : Time (s): cpu = 00:00:15 ; elapsed = 00:00:18 . Memory (MB): peak = 2337.086 ; gain = 852.352 ; free physical = 87 ; free virtual = 5678
---------------------------------------------------------------------------------
---------------------------------------------------------------------------------
Start Writing Synthesis Report
---------------------------------------------------------------------------------

Report BlackBoxes: 
+-+--------------+----------+
| |BlackBox name |Instances |
+-+--------------+----------+
+-+--------------+----------+

Report Cell Usage: 
+------+-----+------+
|      |Cell |Count |
+------+-----+------+
|1     |IBUF |     2|
|2     |OBUF |     2|
+------+-----+------+
---------------------------------------------------------------------------------
Finished Writing Synthesis Report : Time (s): cpu = 00:00:15 ; elapsed = 00:00:18 . Memory (MB): peak = 2337.086 ; gain = 852.352 ; free physical = 87 ; free virtual = 5678
---------------------------------------------------------------------------------
Synthesis finished with 0 errors, 0 critical warnings and 5 warnings.
Synthesis Optimization Runtime : Time (s): cpu = 00:00:14 ; elapsed = 00:00:17 . Memory (MB): peak = 2337.086 ; gain = 779.414 ; free physical = 87 ; free virtual = 5678
Synthesis Optimization Complete : Time (s): cpu = 00:00:15 ; elapsed = 00:00:18 . Memory (MB): peak = 2337.094 ; gain = 852.352 ; free physical = 87 ; free virtual = 5678
INFO: [Project 1-571] Translating synthesized netlist
Netlist sorting complete. Time (s): cpu = 00:00:00 ; elapsed = 00:00:00 . Memory (MB): peak = 2337.094 ; gain = 0.000 ; free physical = 87 ; free virtual = 5678
INFO: [Project 1-570] Preparing netlist for logic optimization
INFO: [Opt 31-138] Pushed 0 inverter(s) to 0 load pin(s).
Netlist sorting complete. Time (s): cpu = 00:00:00 ; elapsed = 00:00:00 . Memory (MB): peak = 2337.094 ; gain = 0.000 ; free physical = 253 ; free virtual = 5845
INFO: [Project 1-111] Unisim Transformation Summary:
No Unisim elements were transformed.

Synth Design complete | Checksum: 1c2b6de8
INFO: [Common 17-83] Releasing license: Synthesis
21 Infos, 13 Warnings, 4 Critical Warnings and 0 Errors encountered.
synth_design completed successfully
synth_design: Time (s): cpu = 00:00:22 ; elapsed = 00:00:22 . Memory (MB): peak = 2337.094 ; gain = 890.984 ; free physical = 253 ; free virtual = 5845
INFO: [Common 17-2834] synth_design peak Physical Memory [PSS] (MB): overall = 1543.873; main = 1543.873; forked = 269.483
INFO: [Common 17-2834] synth_design peak Virtual Memory [VSS] (MB): overall = 2993.289; main = 2337.090; forked = 917.031
INFO: [runtcl-6] Synthesis results are not added to the cache due to CRITICAL_WARNING
Write ShapeDB Complete: Time (s): cpu = 00:00:00 ; elapsed = 00:00:00 . Memory (MB): peak = 2361.098 ; gain = 0.000 ; free physical = 253 ; free virtual = 5845
INFO: [Common 17-1381] The checkpoint '/home/ariane/Documentos/sistemas_digitais/praticas/project_2/project_2.runs/synth_1/mux2x1.dcp' has been generated.
INFO: [Vivado 12-24828] Executing command : report_utilization -file mux2x1_utilization_synth.rpt -pb mux2x1_utilization_synth.pb
INFO: [Common 17-206] Exiting Vivado at Wed May  7 17:15:32 2025...
